# JRE version: OpenJDK Runtime Environment (8.0_212) (build 1.8.0_212-release-1586-b4-5784211)
# Java VM: OpenJDK 64-Bit Server VM (25.212-b4-5784211 mixed mode linux-amd64 compressed oops)
Heap:
 PSYoungGen      total 311808K, used 14753K [0x00000000e0000000, 0x00000000f6980000, 0x0000000100000000)
  eden space 278016K, 0% used [0x00000000e0000000,0x00000000e0000000,0x00000000f0f80000)
  from space 33792K, 43% used [0x00000000f4880000,0x00000000f56e84f0,0x00000000f6980000)
  to   space 46080K, 0% used [0x00000000f0f80000,0x00000000f0f80000,0x00000000f3c80000)
 ParOldGen       total 133632K, used 95932K [0x00000000a0000000, 0x00000000a8280000, 0x00000000e0000000)
  object space 133632K, 71% used [0x00000000a0000000,0x00000000a5daf1d8,0x00000000a8280000)
 Metaspace       used 93822K, capacity 98520K, committed 98560K, reserved 1134592K
  class space    used 12200K, capacity 13036K, committed 13056K, reserved 1048576K
GC Heap History (10 events):
Event: 522,616 GC heap after
Heap after GC invocations=19 (full 3):
 PSYoungGen      total 362496K, used 20424K [0x00000000e0000000, 0x00000000fa180000, 0x0000000100000000)
  eden space 324096K, 0% used [0x00000000e0000000,0x00000000e0000000,0x00000000f3c80000)
  from space 38400K, 53% used [0x00000000f7c00000,0x00000000f8ff2030,0x00000000fa180000)
  to   space 51712K, 0% used [0x00000000f3c80000,0x00000000f3c80000,0x00000000f6f00000)
 ParOldGen       total 133632K, used 95900K [0x00000000a0000000, 0x00000000a8280000, 0x00000000e0000000)
  object space 133632K, 71% used [0x00000000a0000000,0x00000000a5da71d8,0x00000000a8280000)
 Metaspace       used 86667K, capacity 90382K, committed 90496K, reserved 1128448K
  class space    used 11434K, capacity 12132K, committed 12160K, reserved 1048576K
}
Event: 554,040 GC heap before
{Heap before GC invocations=20 (full 3):
 PSYoungGen      total 362496K, used 344520K [0x00000000e0000000, 0x00000000fa180000, 0x0000000100000000)
  eden space 324096K, 100% used [0x00000000e0000000,0x00000000f3c80000,0x00000000f3c80000)
  from space 38400K, 53% used [0x00000000f7c00000,0x00000000f8ff2030,0x00000000fa180000)
  to   space 51712K, 0% used [0x00000000f3c80000,0x00000000f3c80000,0x00000000f6f00000)
 ParOldGen       total 133632K, used 95900K [0x00000000a0000000, 0x00000000a8280000, 0x00000000e0000000)
  object space 133632K, 71% used [0x00000000a0000000,0x00000000a5da71d8,0x00000000a8280000)
 Metaspace       used 87226K, capacity 91074K, committed 91264K, reserved 1128448K
  class space    used 11446K, capacity 12148K, committed 12160K, reserved 1048576K
Event: 554,063 GC heap after
Heap after GC invocations=20 (full 3):
 PSYoungGen      total 331264K, used 19169K [0x00000000e0000000, 0x00000000f9080000, 0x0000000100000000)
  eden space 311808K, 0% used [0x00000000e0000000,0x00000000e0000000,0x00000000f3080000)
  from space 19456K, 98% used [0x00000000f3c80000,0x00000000f4f385a0,0x00000000f4f80000)
  to   space 49152K, 0% used [0x00000000f6080000,0x00000000f6080000,0x00000000f9080000)
 ParOldGen       total 133632K, used 95908K [0x00000000a0000000, 0x00000000a8280000, 0x00000000e0000000)
  object space 133632K, 71% used [0x00000000a0000000,0x00000000a5da91d8,0x00000000a8280000)
 Metaspace       used 87226K, capacity 91074K, committed 91264K, reserved 1128448K
  class space    used 11446K, capacity 12148K, committed 12160K, reserved 1048576K
}
Event: 586,197 GC heap before
{Heap before GC invocations=21 (full 3):
 PSYoungGen      total 331264K, used 330977K [0x00000000e0000000, 0x00000000f9080000, 0x0000000100000000)
  eden space 311808K, 100% used [0x00000000e0000000,0x00000000f3080000,0x00000000f3080000)
  from space 19456K, 98% used [0x00000000f3c80000,0x00000000f4f385a0,0x00000000f4f80000)
  to   space 49152K, 0% used [0x00000000f6080000,0x00000000f6080000,0x00000000f9080000)
 ParOldGen       total 133632K, used 95908K [0x00000000a0000000, 0x00000000a8280000, 0x00000000e0000000)
  object space 133632K, 71% used [0x00000000a0000000,0x00000000a5da91d8,0x00000000a8280000)
 Metaspace       used 87620K, capacity 91568K, committed 91904K, reserved 1128448K
  class space    used 11478K, capacity 12205K, committed 12288K, reserved 1048576K
Event: 586,248 GC heap after
Heap after GC invocations=21 (full 3):
 PSYoungGen      total 337408K, used 29033K [0x00000000e0000000, 0x00000000f8500000, 0x0000000100000000)
  eden space 300032K, 0% used [0x00000000e0000000,0x00000000e0000000,0x00000000f2500000)
  from space 37376K, 77% used [0x00000000f6080000,0x00000000f7cda6d0,0x00000000f8500000)
  to   space 49152K, 0% used [0x00000000f2500000,0x00000000f2500000,0x00000000f5500000)
 ParOldGen       total 133632K, used 95916K [0x00000000a0000000, 0x00000000a8280000, 0x00000000e0000000)
  object space 133632K, 71% used [0x00000000a0000000,0x00000000a5dab1d8,0x00000000a8280000)
 Metaspace       used 87620K, capacity 91568K, committed 91904K, reserved 1128448K
  class space    used 11478K, capacity 12205K, committed 12288K, reserved 1048576K
}
Event: 700,938 GC heap before
{Heap before GC invocations=22 (full 3):
 PSYoungGen      total 337408K, used 329065K [0x00000000e0000000, 0x00000000f8500000, 0x0000000100000000)
  eden space 300032K, 100% used [0x00000000e0000000,0x00000000f2500000,0x00000000f2500000)
  from space 37376K, 77% used [0x00000000f6080000,0x00000000f7cda6d0,0x00000000f8500000)
  to   space 49152K, 0% used [0x00000000f2500000,0x00000000f2500000,0x00000000f5500000)
 ParOldGen       total 133632K, used 95916K [0x00000000a0000000, 0x00000000a8280000, 0x00000000e0000000)
  object space 133632K, 71% used [0x00000000a0000000,0x00000000a5dab1d8,0x00000000a8280000)
 Metaspace       used 87907K, capacity 91952K, committed 92160K, reserved 1128448K
  class space    used 11484K, capacity 12215K, committed 12288K, reserved 1048576K
Event: 700,987 GC heap after
Heap after GC invocations=22 (full 3):
 PSYoungGen      total 306176K, used 17320K [0x00000000e0000000, 0x00000000f7700000, 0x0000000100000000)
  eden space 288768K, 0% used [0x00000000e0000000,0x00000000e0000000,0x00000000f1a00000)
  from space 17408K, 99% used [0x00000000f2500000,0x00000000f35ea0b0,0x00000000f3600000)
  to   space 47616K, 0% used [0x00000000f4880000,0x00000000f4880000,0x00000000f7700000)
 ParOldGen       total 133632K, used 95924K [0x00000000a0000000, 0x00000000a8280000, 0x00000000e0000000)
  object space 133632K, 71% used [0x00000000a0000000,0x00000000a5dad1d8,0x00000000a8280000)
 Metaspace       used 87907K, capacity 91952K, committed 92160K, reserved 1128448K
  class space    used 11484K, capacity 12215K, committed 12288K, reserved 1048576K
}
Event: 1572,627 GC heap before
{Heap before GC invocations=23 (full 3):
 PSYoungGen      total 306176K, used 158816K [0x00000000e0000000, 0x00000000f7700000, 0x0000000100000000)
  eden space 288768K, 49% used [0x00000000e0000000,0x00000000e8a2e210,0x00000000f1a00000)
  from space 17408K, 99% used [0x00000000f2500000,0x00000000f35ea0b0,0x00000000f3600000)
  to   space 47616K, 0% used [0x00000000f4880000,0x00000000f4880000,0x00000000f7700000)
 ParOldGen       total 133632K, used 95924K [0x00000000a0000000, 0x00000000a8280000, 0x00000000e0000000)
  object space 133632K, 71% used [0x00000000a0000000,0x00000000a5dad1d8,0x00000000a8280000)
 Metaspace       used 93822K, capacity 98520K, committed 98560K, reserved 1134592K
  class space    used 12200K, capacity 13036K, committed 13056K, reserved 1048576K
Event: 1572,656 GC heap after
Heap after GC invocations=23 (full 3):
 PSYoungGen      total 311808K, used 14753K [0x00000000e0000000, 0x00000000f6980000, 0x0000000100000000)
  eden space 278016K, 0% used [0x00000000e0000000,0x00000000e0000000,0x00000000f0f80000)
  from space 33792K, 43% used [0x00000000f4880000,0x00000000f56e84f0,0x00000000f6980000)
  to   space 46080K, 0% used [0x00000000f0f80000,0x00000000f0f80000,0x00000000f3c80000)
 ParOldGen       total 133632K, used 95932K [0x00000000a0000000, 0x00000000a8280000, 0x00000000e0000000)
  object space 133632K, 71% used [0x00000000a0000000,0x00000000a5daf1d8,0x00000000a8280000)
 Metaspace       used 93822K, capacity 98520K, committed 98560K, reserved 1134592K
  class space    used 12200K, capacity 13036K, committed 13056K, reserved 1048576K
}
Event: 1572,656 GC heap before
{Heap before GC invocations=24 (full 4):
 PSYoungGen      total 311808K, used 14753K [0x00000000e0000000, 0x00000000f6980000, 0x0000000100000000)
  eden space 278016K, 0% used [0x00000000e0000000,0x00000000e0000000,0x00000000f0f80000)
  from space 33792K, 43% used [0x00000000f4880000,0x00000000f56e84f0,0x00000000f6980000)
  to   space 46080K, 0% used [0x00000000f0f80000,0x00000000f0f80000,0x00000000f3c80000)
 ParOldGen       total 133632K, used 95932K [0x00000000a0000000, 0x00000000a8280000, 0x00000000e0000000)
  object space 133632K, 71% used [0x00000000a0000000,0x00000000a5daf1d8,0x00000000a8280000)
 Metaspace       used 93822K, capacity 98520K, committed 98560K, reserved 1134592K
  class space    used 12200K, capacity 13036K, committed 13056K, reserved 1048576K

