# JRE version: OpenJDK Runtime Environment (8.0_152-b01) (build 1.8.0_152-release-915-b01)
# Java VM: OpenJDK 64-Bit Server VM (25.152-b01 mixed mode windows-amd64 compressed oops)
Heap:
 PSYoungGen      total 458240K, used 204781K [0x00000000e0000000, 0x0000000100000000, 0x0000000100000000)
  eden space 401408K, 38% used [0x00000000e0000000,0x00000000e9592268,0x00000000f8800000)
  from space 56832K, 90% used [0x00000000fc600000,0x00000000ff8693b8,0x00000000ffd80000)
  to   space 61440K, 0% used [0x00000000f8800000,0x00000000f8800000,0x00000000fc400000)
 ParOldGen       total 274944K, used 124645K [0x00000000a0000000, 0x00000000b0c80000, 0x00000000e0000000)
  object space 274944K, 45% used [0x00000000a0000000,0x00000000a79b9778,0x00000000b0c80000)
 Metaspace       used 99246K, capacity 110440K, committed 110592K, reserved 1144832K
  class space    used 12658K, capacity 15316K, committed 15360K, reserved 1048576K
GC Heap History (10 events):
Event: 2806.526 GC heap before
{Heap before GC invocations=52 (full 4):
 PSYoungGen      total 461824K, used 437184K [0x00000000e0000000, 0x0000000100000000, 0x0000000100000000)
  eden space 401920K, 100% used [0x00000000e0000000,0x00000000f8880000,0x00000000f8880000)
  from space 59904K, 58% used [0x00000000f8880000,0x00000000faaf03a0,0x00000000fc300000)
  to   space 58880K, 0% used [0x00000000fc680000,0x00000000fc680000,0x0000000100000000)
 ParOldGen       total 274944K, used 114472K [0x00000000a0000000, 0x00000000b0c80000, 0x00000000e0000000)
  object space 274944K, 41% used [0x00000000a0000000,0x00000000a6fca198,0x00000000b0c80000)
 Metaspace       used 95404K, capacity 105484K, committed 105728K, reserved 1140736K
  class space    used 11956K, capacity 14332K, committed 14336K, reserved 1048576K
Event: 2806.563 GC heap after
Heap after GC invocations=52 (full 4):
 PSYoungGen      total 462336K, used 41068K [0x00000000e0000000, 0x0000000100000000, 0x0000000100000000)
  eden space 403456K, 0% used [0x00000000e0000000,0x00000000e0000000,0x00000000f8a00000)
  from space 58880K, 69% used [0x00000000fc680000,0x00000000fee9b3e0,0x0000000100000000)
  to   space 60416K, 0% used [0x00000000f8a00000,0x00000000f8a00000,0x00000000fc500000)
 ParOldGen       total 274944K, used 114480K [0x00000000a0000000, 0x00000000b0c80000, 0x00000000e0000000)
  object space 274944K, 41% used [0x00000000a0000000,0x00000000a6fcc198,0x00000000b0c80000)
 Metaspace       used 95404K, capacity 105484K, committed 105728K, reserved 1140736K
  class space    used 11956K, capacity 14332K, committed 14336K, reserved 1048576K
}
Event: 3128.454 GC heap before
{Heap before GC invocations=53 (full 4):
 PSYoungGen      total 462336K, used 444524K [0x00000000e0000000, 0x0000000100000000, 0x0000000100000000)
  eden space 403456K, 100% used [0x00000000e0000000,0x00000000f8a00000,0x00000000f8a00000)
  from space 58880K, 69% used [0x00000000fc680000,0x00000000fee9b3e0,0x0000000100000000)
  to   space 60416K, 0% used [0x00000000f8a00000,0x00000000f8a00000,0x00000000fc500000)
 ParOldGen       total 274944K, used 114480K [0x00000000a0000000, 0x00000000b0c80000, 0x00000000e0000000)
  object space 274944K, 41% used [0x00000000a0000000,0x00000000a6fcc198,0x00000000b0c80000)
 Metaspace       used 95649K, capacity 105954K, committed 106112K, reserved 1140736K
  class space    used 11988K, capacity 14429K, committed 14464K, reserved 1048576K
Event: 3128.489 GC heap after
Heap after GC invocations=53 (full 4):
 PSYoungGen      total 463872K, used 35187K [0x00000000e0000000, 0x00000000ffe80000, 0x0000000100000000)
  eden space 403456K, 0% used [0x00000000e0000000,0x00000000e0000000,0x00000000f8a00000)
  from space 60416K, 58% used [0x00000000f8a00000,0x00000000fac5cd48,0x00000000fc500000)
  to   space 58880K, 0% used [0x00000000fc500000,0x00000000fc500000,0x00000000ffe80000)
 ParOldGen       total 274944K, used 114480K [0x00000000a0000000, 0x00000000b0c80000, 0x00000000e0000000)
  object space 274944K, 41% used [0x00000000a0000000,0x00000000a6fcc198,0x00000000b0c80000)
 Metaspace       used 95649K, capacity 105954K, committed 106112K, reserved 1140736K
  class space    used 11988K, capacity 14429K, committed 14464K, reserved 1048576K
}
Event: 3212.607 GC heap before
{Heap before GC invocations=54 (full 4):
 PSYoungGen      total 463872K, used 438643K [0x00000000e0000000, 0x00000000ffe80000, 0x0000000100000000)
  eden space 403456K, 100% used [0x00000000e0000000,0x00000000f8a00000,0x00000000f8a00000)
  from space 60416K, 58% used [0x00000000f8a00000,0x00000000fac5cd48,0x00000000fc500000)
  to   space 58880K, 0% used [0x00000000fc500000,0x00000000fc500000,0x00000000ffe80000)
 ParOldGen       total 274944K, used 114480K [0x00000000a0000000, 0x00000000b0c80000, 0x00000000e0000000)
  object space 274944K, 41% used [0x00000000a0000000,0x00000000a6fcc198,0x00000000b0c80000)
 Metaspace       used 96196K, capacity 106996K, committed 107136K, reserved 1142784K
  class space    used 12066K, capacity 14640K, committed 14720K, reserved 1048576K
Event: 3212.644 GC heap after
Heap after GC invocations=54 (full 4):
 PSYoungGen      total 462848K, used 37342K [0x00000000e0000000, 0x00000000ffd80000, 0x0000000100000000)
  eden space 404992K, 0% used [0x00000000e0000000,0x00000000e0000000,0x00000000f8b80000)
  from space 57856K, 64% used [0x00000000fc500000,0x00000000fe977a48,0x00000000ffd80000)
  to   space 58368K, 0% used [0x00000000f8b80000,0x00000000f8b80000,0x00000000fc480000)
 ParOldGen       total 274944K, used 114488K [0x00000000a0000000, 0x00000000b0c80000, 0x00000000e0000000)
  object space 274944K, 41% used [0x00000000a0000000,0x00000000a6fce198,0x00000000b0c80000)
 Metaspace       used 96196K, capacity 106996K, committed 107136K, reserved 1142784K
  class space    used 12066K, capacity 14640K, committed 14720K, reserved 1048576K
}
Event: 3798.011 GC heap before
{Heap before GC invocations=55 (full 4):
 PSYoungGen      total 462848K, used 442334K [0x00000000e0000000, 0x00000000ffd80000, 0x0000000100000000)
  eden space 404992K, 100% used [0x00000000e0000000,0x00000000f8b80000,0x00000000f8b80000)
  from space 57856K, 64% used [0x00000000fc500000,0x00000000fe977a48,0x00000000ffd80000)
  to   space 58368K, 0% used [0x00000000f8b80000,0x00000000f8b80000,0x00000000fc480000)
 ParOldGen       total 274944K, used 114488K [0x00000000a0000000, 0x00000000b0c80000, 0x00000000e0000000)
  object space 274944K, 41% used [0x00000000a0000000,0x00000000a6fce198,0x00000000b0c80000)
 Metaspace       used 96514K, capacity 107620K, committed 107776K, reserved 1142784K
  class space    used 12118K, capacity 14776K, committed 14848K, reserved 1048576K
Event: 3798.060 GC heap after
Heap after GC invocations=55 (full 4):
 PSYoungGen      total 463360K, used 34836K [0x00000000e0000000, 0x00000000ffd80000, 0x0000000100000000)
  eden space 404992K, 0% used [0x00000000e0000000,0x00000000e0000000,0x00000000f8b80000)
  from space 58368K, 59% used [0x00000000f8b80000,0x00000000fad85330,0x00000000fc480000)
  to   space 56832K, 0% used [0x00000000fc600000,0x00000000fc600000,0x00000000ffd80000)
 ParOldGen       total 274944K, used 117051K [0x00000000a0000000, 0x00000000b0c80000, 0x00000000e0000000)
  object space 274944K, 42% used [0x00000000a0000000,0x00000000a724eee0,0x00000000b0c80000)
 Metaspace       used 96514K, capacity 107620K, committed 107776K, reserved 1142784K
  class space    used 12118K, capacity 14776K, committed 14848K, reserved 1048576K
}
Event: 3803.521 GC heap before
{Heap before GC invocations=56 (full 4):
 PSYoungGen      total 463360K, used 439828K [0x00000000e0000000, 0x00000000ffd80000, 0x0000000100000000)
  eden space 404992K, 100% used [0x00000000e0000000,0x00000000f8b80000,0x00000000f8b80000)
  from space 58368K, 59% used [0x00000000f8b80000,0x00000000fad85330,0x00000000fc480000)
  to   space 56832K, 0% used [0x00000000fc600000,0x00000000fc600000,0x00000000ffd80000)
 ParOldGen       total 274944K, used 117051K [0x00000000a0000000, 0x00000000b0c80000, 0x00000000e0000000)
  object space 274944K, 42% used [0x00000000a0000000,0x00000000a724eee0,0x00000000b0c80000)
 Metaspace       used 97157K, capacity 108328K, committed 108672K, reserved 1142784K
  class space    used 12197K, capacity 14882K, committed 14976K, reserved 1048576K
Event: 3803.609 GC heap after
Heap after GC invocations=56 (full 4):
 PSYoungGen      total 458240K, used 51620K [0x00000000e0000000, 0x0000000100000000, 0x0000000100000000)
  eden space 401408K, 0% used [0x00000000e0000000,0x00000000e0000000,0x00000000f8800000)
  from space 56832K, 90% used [0x00000000fc600000,0x00000000ff8693b8,0x00000000ffd80000)
  to   space 61440K, 0% used [0x00000000f8800000,0x00000000f8800000,0x00000000fc400000)
 ParOldGen       total 274944K, used 124645K [0x00000000a0000000, 0x00000000b0c80000, 0x00000000e0000000)
  object space 274944K, 45% used [0x00000000a0000000,0x00000000a79b9778,0x00000000b0c80000)
 Metaspace       used 97157K, capacity 108328K, committed 108672K, reserved 1142784K
  class space    used 12197K, capacity 14882K, committed 14976K, reserved 1048576K
}

