# JRE version: OpenJDK Runtime Environment (8.0_242) (build 1.8.0_242-release-1644-b3-6222593)
# Java VM: OpenJDK 64-Bit Server VM (25.242-b3-6222593 mixed mode linux-amd64 compressed oops)
Heap:
 PSYoungGen      total 553472K, used 15474K [0x00000000d5580000, 0x00000000ff800000, 0x0000000100000000)
  eden space 426496K, 0% used [0x00000000d5580000,0x00000000d582f888,0x00000000ef600000)
  from space 126976K, 10% used [0x00000000f7c00000,0x00000000f886d1a8,0x00000000ff800000)
  to   space 132096K, 0% used [0x00000000ef600000,0x00000000ef600000,0x00000000f7700000)
 ParOldGen       total 374272K, used 229767K [0x0000000080000000, 0x0000000096d80000, 0x00000000d5580000)
  object space 374272K, 61% used [0x0000000080000000,0x000000008e061cc0,0x0000000096d80000)
 Metaspace       used 126109K, capacity 134336K, committed 134488K, reserved 1167360K
  class space    used 15874K, capacity 17440K, committed 17536K, reserved 1048576K
GC Heap History (10 events):
Event: 2435,402 GC heap before
{Heap before GC invocations=50 (full 6):
 PSYoungGen      total 576000K, used 454203K [0x00000000d5580000, 0x0000000100000000, 0x0000000100000000)
  eden space 453120K, 100% used [0x00000000d5580000,0x00000000f1000000,0x00000000f1000000)
  from space 122880K, 0% used [0x00000000f1000000,0x00000000f110edb0,0x00000000f8800000)
  to   space 121344K, 0% used [0x00000000f8980000,0x00000000f8980000,0x0000000100000000)
 ParOldGen       total 374272K, used 229459K [0x0000000080000000, 0x0000000096d80000, 0x00000000d5580000)
  object space 374272K, 61% used [0x0000000080000000,0x000000008e014c80,0x0000000096d80000)
 Metaspace       used 125473K, capacity 133000K, committed 133336K, reserved 1165312K
  class space    used 15789K, capacity 17284K, committed 17408K, reserved 1048576K
Event: 2435,544 GC heap after
Heap after GC invocations=50 (full 6):
 PSYoungGen      total 532480K, used 119929K [0x00000000d5580000, 0x0000000100000000, 0x0000000100000000)
  eden space 411136K, 0% used [0x00000000d5580000,0x00000000d5580000,0x00000000ee700000)
  from space 121344K, 98% used [0x00000000f8980000,0x00000000ffe9e6e0,0x0000000100000000)
  to   space 143872K, 0% used [0x00000000ee700000,0x00000000ee700000,0x00000000f7380000)
 ParOldGen       total 374272K, used 229459K [0x0000000080000000, 0x0000000096d80000, 0x00000000d5580000)
  object space 374272K, 61% used [0x0000000080000000,0x000000008e014c80,0x0000000096d80000)
 Metaspace       used 125473K, capacity 133000K, committed 133336K, reserved 1165312K
  class space    used 15789K, capacity 17284K, committed 17408K, reserved 1048576K
}
Event: 2516,464 GC heap before
{Heap before GC invocations=51 (full 6):
 PSYoungGen      total 532480K, used 531065K [0x00000000d5580000, 0x0000000100000000, 0x0000000100000000)
  eden space 411136K, 100% used [0x00000000d5580000,0x00000000ee700000,0x00000000ee700000)
  from space 121344K, 98% used [0x00000000f8980000,0x00000000ffe9e6e0,0x0000000100000000)
  to   space 143872K, 0% used [0x00000000ee700000,0x00000000ee700000,0x00000000f7380000)
 ParOldGen       total 374272K, used 229459K [0x0000000080000000, 0x0000000096d80000, 0x00000000d5580000)
  object space 374272K, 61% used [0x0000000080000000,0x000000008e014c80,0x0000000096d80000)
 Metaspace       used 125812K, capacity 133902K, committed 134232K, reserved 1165312K
  class space    used 15860K, capacity 17413K, committed 17536K, reserved 1048576K
Event: 2516,510 GC heap after
Heap after GC invocations=51 (full 6):
 PSYoungGen      total 555008K, used 64559K [0x00000000d5580000, 0x0000000100000000, 0x0000000100000000)
  eden space 411136K, 0% used [0x00000000d5580000,0x00000000d5580000,0x00000000ee700000)
  from space 143872K, 44% used [0x00000000ee700000,0x00000000f260bd20,0x00000000f7380000)
  to   space 140800K, 0% used [0x00000000f7680000,0x00000000f7680000,0x0000000100000000)
 ParOldGen       total 374272K, used 229467K [0x0000000080000000, 0x0000000096d80000, 0x00000000d5580000)
  object space 374272K, 61% used [0x0000000080000000,0x000000008e016c80,0x0000000096d80000)
 Metaspace       used 125812K, capacity 133902K, committed 134232K, reserved 1165312K
  class space    used 15860K, capacity 17413K, committed 17536K, reserved 1048576K
}
Event: 3218,309 GC heap before
{Heap before GC invocations=52 (full 6):
 PSYoungGen      total 555008K, used 475695K [0x00000000d5580000, 0x0000000100000000, 0x0000000100000000)
  eden space 411136K, 100% used [0x00000000d5580000,0x00000000ee700000,0x00000000ee700000)
  from space 143872K, 44% used [0x00000000ee700000,0x00000000f260bd20,0x00000000f7380000)
  to   space 140800K, 0% used [0x00000000f7680000,0x00000000f7680000,0x0000000100000000)
 ParOldGen       total 374272K, used 229467K [0x0000000080000000, 0x0000000096d80000, 0x00000000d5580000)
  object space 374272K, 61% used [0x0000000080000000,0x000000008e016c80,0x0000000096d80000)
 Metaspace       used 125875K, capacity 133926K, committed 134232K, reserved 1165312K
  class space    used 15862K, capacity 17417K, committed 17536K, reserved 1048576K
Event: 3218,324 GC heap after
Heap after GC invocations=52 (full 6):
 PSYoungGen      total 544768K, used 14964K [0x00000000d5580000, 0x00000000ff600000, 0x0000000100000000)
  eden space 414208K, 0% used [0x00000000d5580000,0x00000000d5580000,0x00000000eea00000)
  from space 130560K, 11% used [0x00000000f7680000,0x00000000f851d1d8,0x00000000ff600000)
  to   space 137216K, 0% used [0x00000000eea00000,0x00000000eea00000,0x00000000f7000000)
 ParOldGen       total 374272K, used 229475K [0x0000000080000000, 0x0000000096d80000, 0x00000000d5580000)
  object space 374272K, 61% used [0x0000000080000000,0x000000008e018c80,0x0000000096d80000)
 Metaspace       used 125875K, capacity 133926K, committed 134232K, reserved 1165312K
  class space    used 15862K, capacity 17417K, committed 17536K, reserved 1048576K
}
Event: 3220,576 GC heap before
{Heap before GC invocations=53 (full 6):
 PSYoungGen      total 544768K, used 429172K [0x00000000d5580000, 0x00000000ff600000, 0x0000000100000000)
  eden space 414208K, 100% used [0x00000000d5580000,0x00000000eea00000,0x00000000eea00000)
  from space 130560K, 11% used [0x00000000f7680000,0x00000000f851d1d8,0x00000000ff600000)
  to   space 137216K, 0% used [0x00000000eea00000,0x00000000eea00000,0x00000000f7000000)
 ParOldGen       total 374272K, used 229475K [0x0000000080000000, 0x0000000096d80000, 0x00000000d5580000)
  object space 374272K, 61% used [0x0000000080000000,0x000000008e018c80,0x0000000096d80000)
 Metaspace       used 126015K, capacity 134082K, committed 134232K, reserved 1165312K
  class space    used 15863K, capacity 17419K, committed 17536K, reserved 1048576K
Event: 3220,672 GC heap after
Heap after GC invocations=53 (full 6):
 PSYoungGen      total 551424K, used 63746K [0x00000000d5580000, 0x0000000100000000, 0x0000000100000000)
  eden space 414208K, 0% used [0x00000000d5580000,0x00000000d5580000,0x00000000eea00000)
  from space 137216K, 46% used [0x00000000eea00000,0x00000000f2840b50,0x00000000f7000000)
  to   space 135168K, 0% used [0x00000000f7c00000,0x00000000f7c00000,0x0000000100000000)
 ParOldGen       total 374272K, used 229475K [0x0000000080000000, 0x0000000096d80000, 0x00000000d5580000)
  object space 374272K, 61% used [0x0000000080000000,0x000000008e018c80,0x0000000096d80000)
 Metaspace       used 126015K, capacity 134082K, committed 134232K, reserved 1165312K
  class space    used 15863K, capacity 17419K, committed 17536K, reserved 1048576K
}
Event: 6816,998 GC heap before
{Heap before GC invocations=54 (full 6):
 PSYoungGen      total 551424K, used 477954K [0x00000000d5580000, 0x0000000100000000, 0x0000000100000000)
  eden space 414208K, 100% used [0x00000000d5580000,0x00000000eea00000,0x00000000eea00000)
  from space 137216K, 46% used [0x00000000eea00000,0x00000000f2840b50,0x00000000f7000000)
  to   space 135168K, 0% used [0x00000000f7c00000,0x00000000f7c00000,0x0000000100000000)
 ParOldGen       total 374272K, used 229475K [0x0000000080000000, 0x0000000096d80000, 0x00000000d5580000)
  object space 374272K, 61% used [0x0000000080000000,0x000000008e018c80,0x0000000096d80000)
 Metaspace       used 126108K, capacity 134336K, committed 134488K, reserved 1167360K
  class space    used 15874K, capacity 17440K, committed 17536K, reserved 1048576K
Event: 6817,020 GC heap after
Heap after GC invocations=54 (full 6):
 PSYoungGen      total 553472K, used 12724K [0x00000000d5580000, 0x00000000ff800000, 0x0000000100000000)
  eden space 426496K, 0% used [0x00000000d5580000,0x00000000d5580000,0x00000000ef600000)
  from space 126976K, 10% used [0x00000000f7c00000,0x00000000f886d1a8,0x00000000ff800000)
  to   space 132096K, 0% used [0x00000000ef600000,0x00000000ef600000,0x00000000f7700000)
 ParOldGen       total 374272K, used 229767K [0x0000000080000000, 0x0000000096d80000, 0x00000000d5580000)
  object space 374272K, 61% used [0x0000000080000000,0x000000008e061cc0,0x0000000096d80000)
 Metaspace       used 126108K, capacity 134336K, committed 134488K, reserved 1167360K
  class space    used 15874K, capacity 17440K, committed 17536K, reserved 1048576K
}

